[ 2024-08-30 21:59:18,957 ] 11 root - INFO - Training has started
[ 2024-08-30 21:59:18,957 ] 42 root - INFO - Starting data ingestion
[ 2024-08-30 21:59:21,559 ] 65 root - INFO - Performed train test split on the dataframe
[ 2024-08-30 21:59:21,559 ] 66 root - INFO - Exited split_data_as_train_test method of Data_Ingestion class
[ 2024-08-30 21:59:21,559 ] 71 root - INFO - Exporting train and test file path.
[ 2024-08-30 21:59:21,709 ] 79 root - INFO - Exported train and test file path.
[ 2024-08-30 21:59:21,709 ] 45 root - INFO - Data ingestion completed and artifact: DataIngestionArtifact(trained_file_path='Artifacts\\08_30_2024_21_59_07\\data_ingestion\\ingested\\train.csv', test_file_path='Artifacts\\08_30_2024_21_59_07\\data_ingestion\\ingested\\test.csv')
[ 2024-08-30 21:59:21,813 ] 27 root - INFO - Required number of columns: 31
[ 2024-08-30 21:59:21,813 ] 28 root - INFO - Data frame has columns: 31
[ 2024-08-30 21:59:21,814 ] 27 root - INFO - Required number of columns: 31
[ 2024-08-30 21:59:21,814 ] 28 root - INFO - Data frame has columns: 31
[ 2024-08-30 21:59:22,116 ] 138 root - INFO - Data validation artifact: DataValidationArtifact(validation_status=True, valid_train_file_path='Artifacts\\08_30_2024_21_59_07\\data_ingestion\\ingested\\train.csv', valid_test_file_path='Artifacts\\08_30_2024_21_59_07\\data_ingestion\\ingested\\test.csv', invalid_train_file_path=None, invalid_test_file_path=None, drift_report_file_path='Artifacts\\08_30_2024_21_59_07\\data_validation\\drift_report\\report.yaml')
[ 2024-08-30 21:59:22,116 ] 86 root - INFO - Entered initiate_data_transformation method of DataTransformation class
[ 2024-08-30 21:59:22,119 ] 89 root - INFO - Starting data transformation
[ 2024-08-30 21:59:22,169 ] 59 root - INFO - Entered get_data_transformer_object method of DataTransformation class
[ 2024-08-30 21:59:22,169 ] 68 root - INFO - Initialise KNNImputer with {'missing_values': nan, 'n_neighbors': 3, 'weights': 'uniform'}
[ 2024-08-30 21:59:22,169 ] 74 root - INFO - Exited get_data_transformer_object method of DataTransformation class
[ 2024-08-30 21:59:22,169 ] 97 root - INFO - Got the preprocessor object
[ 2024-08-30 21:59:22,189 ] 57 root - INFO - Entered the save_object method of MainUtils class
[ 2024-08-30 21:59:22,194 ] 61 root - INFO - Exited the save_object method of MainUtils class
[ 2024-08-30 21:59:22,194 ] 129 root - INFO - Data transformation artifact: DataTransformationArtifact(transformed_object_file_path='Artifacts\\08_30_2024_21_59_07\\data_transformation\\transformed_object\\preprocessing.pkl', transformed_train_file_path='Artifacts\\08_30_2024_21_59_07\\data_transformation\\transformed\\train.npy', transformed_test_file_path='Artifacts\\08_30_2024_21_59_07\\data_transformation\\transformed\\test.npy')
[ 2024-08-30 21:59:22,452 ] 57 root - INFO - Entered the save_object method of MainUtils class
[ 2024-08-30 21:59:22,462 ] 61 root - INFO - Exited the save_object method of MainUtils class
[ 2024-08-30 21:59:22,462 ] 86 root - INFO - Model trainer artifact: ModelTrainerArtifact(trained_model_file_path='Artifacts\\08_30_2024_21_59_07\\model_trainer\\trained_model\\model.pkl', train_metric_artifact=ClassificationMetricArtifact(f1_score=np.float64(0.9880728823021875), precision_score=np.float64(0.9865207256511604), recall_score=np.float64(0.9896299308662058)), test_metric_artifact=ClassificationMetricArtifact(f1_score=np.float64(0.9820600685345696), precision_score=np.float64(0.9810712847362062), recall_score=np.float64(0.9830508474576272)))
