[ 2024-08-31 00:54:36,164 ] 11 root - INFO - Training has started
[ 2024-08-31 00:54:36,164 ] 43 root - INFO - Starting data ingestion
[ 2024-08-31 00:54:38,438 ] 65 root - INFO - Performed train test split on the dataframe
[ 2024-08-31 00:54:38,438 ] 66 root - INFO - Exited split_data_as_train_test method of Data_Ingestion class
[ 2024-08-31 00:54:38,439 ] 71 root - INFO - Exporting train and test file path.
[ 2024-08-31 00:54:38,534 ] 79 root - INFO - Exported train and test file path.
[ 2024-08-31 00:54:38,535 ] 46 root - INFO - Data ingestion completed and artifact: DataIngestionArtifact(trained_file_path='Artifacts\\08_31_2024_00_54_35\\data_ingestion\\ingested\\train.csv', test_file_path='Artifacts\\08_31_2024_00_54_35\\data_ingestion\\ingested\\test.csv')
[ 2024-08-31 00:54:38,609 ] 27 root - INFO - Required number of columns: 31
[ 2024-08-31 00:54:38,609 ] 28 root - INFO - Data frame has columns: 31
[ 2024-08-31 00:54:38,609 ] 27 root - INFO - Required number of columns: 31
[ 2024-08-31 00:54:38,609 ] 28 root - INFO - Data frame has columns: 31
[ 2024-08-31 00:54:38,895 ] 138 root - INFO - Data validation artifact: DataValidationArtifact(validation_status=True, valid_train_file_path='Artifacts\\08_31_2024_00_54_35\\data_ingestion\\ingested\\train.csv', valid_test_file_path='Artifacts\\08_31_2024_00_54_35\\data_ingestion\\ingested\\test.csv', invalid_train_file_path=None, invalid_test_file_path=None, drift_report_file_path='Artifacts\\08_31_2024_00_54_35\\data_validation\\drift_report\\report.yaml')
[ 2024-08-31 00:54:38,896 ] 86 root - INFO - Entered initiate_data_transformation method of DataTransformation class
[ 2024-08-31 00:54:38,896 ] 89 root - INFO - Starting data transformation
[ 2024-08-31 00:54:38,967 ] 59 root - INFO - Entered get_data_transformer_object method of DataTransformation class
[ 2024-08-31 00:54:38,967 ] 68 root - INFO - Initialise KNNImputer with {'missing_values': nan, 'n_neighbors': 3, 'weights': 'uniform'}
[ 2024-08-31 00:54:38,968 ] 74 root - INFO - Exited get_data_transformer_object method of DataTransformation class
[ 2024-08-31 00:54:38,968 ] 97 root - INFO - Got the preprocessor object
[ 2024-08-31 00:54:39,007 ] 57 root - INFO - Entered the save_object method of MainUtils class
[ 2024-08-31 00:54:39,011 ] 61 root - INFO - Exited the save_object method of MainUtils class
[ 2024-08-31 00:54:39,012 ] 129 root - INFO - Data transformation artifact: DataTransformationArtifact(transformed_object_file_path='Artifacts\\08_31_2024_00_54_35\\data_transformation\\transformed_object\\preprocessing.pkl', transformed_train_file_path='Artifacts\\08_31_2024_00_54_35\\data_transformation\\transformed\\train.npy', transformed_test_file_path='Artifacts\\08_31_2024_00_54_35\\data_transformation\\transformed\\test.npy')
[ 2024-08-31 00:54:39,249 ] 57 root - INFO - Entered the save_object method of MainUtils class
[ 2024-08-31 00:54:39,257 ] 61 root - INFO - Exited the save_object method of MainUtils class
[ 2024-08-31 00:54:39,257 ] 86 root - INFO - Model trainer artifact: ModelTrainerArtifact(trained_model_file_path='Artifacts\\08_31_2024_00_54_35\\model_trainer\\trained_model\\model.pkl', train_metric_artifact=ClassificationMetricArtifact(f1_score=np.float64(0.9881761006289308), precision_score=np.float64(0.9841651633593906), recall_score=np.float64(0.992219864605436)), test_metric_artifact=ClassificationMetricArtifact(f1_score=np.float64(0.9809152472809358), precision_score=np.float64(0.9731270358306189), recall_score=np.float64(0.9888291270169631)))
[ 2024-08-31 00:54:39,469 ] 101 root - INFO - Model evaluation artifact: ModelEvaluationArtifact(is_model_accepted=False, improved_accuracy=np.float64(-0.00038014470781677634), best_model_path='saved_models\\1725083644\\model.pkl', trained_model_path='Artifacts\\08_31_2024_00_54_35\\model_trainer\\trained_model\\model.pkl', train_model_metric_artifact=ClassificationMetricArtifact(f1_score=np.float64(0.9867464037497979), precision_score=np.float64(0.9819848801672832), recall_score=np.float64(0.9915543284066916)), best_model_metric_artifact=ClassificationMetricArtifact(f1_score=np.float64(0.9871265484576147), precision_score=np.float64(0.9841782370035518), recall_score=np.float64(0.9900925775540036)))
