[ 2024-08-24 02:17:58,798 ] 11 root - INFO - Training has started
[ 2024-08-24 02:17:58,799 ] 42 root - INFO - Starting data ingestion
[ 2024-08-24 02:18:01,624 ] 65 root - INFO - Performed train test split on the dataframe
[ 2024-08-24 02:18:01,624 ] 66 root - INFO - Exited split_data_as_train_test method of Data_Ingestion class
[ 2024-08-24 02:18:01,625 ] 71 root - INFO - Exporting train and test file path.
[ 2024-08-24 02:18:01,732 ] 79 root - INFO - Exported train and test file path.
[ 2024-08-24 02:18:01,733 ] 45 root - INFO - Data ingestion completed and artifact: DataIngestionArtifact(trained_file_path='Artifacts\\08_24_2024_02_17_57\\data_ingestion\\ingested\\train.csv', test_file_path='Artifacts\\08_24_2024_02_17_57\\data_ingestion\\ingested\\test.csv')
[ 2024-08-24 02:18:01,803 ] 27 root - INFO - Required number of columns: 31
[ 2024-08-24 02:18:01,803 ] 28 root - INFO - Data frame has columns: 31
[ 2024-08-24 02:18:01,804 ] 27 root - INFO - Required number of columns: 31
[ 2024-08-24 02:18:01,804 ] 28 root - INFO - Data frame has columns: 31
[ 2024-08-24 02:18:01,928 ] 131 root - INFO - Data validation artifact: DataValidationArtifact(validation_status=True, valid_train_file_path='Artifacts\\08_24_2024_02_17_57\\data_ingestion\\ingested\\train.csv', valid_test_file_path='Artifacts\\08_24_2024_02_17_57\\data_ingestion\\ingested\\test.csv', invalid_train_file_path=None, invalid_test_file_path=None, drift_report_file_path='Artifacts\\08_24_2024_02_17_57\\data_validation\\drift_report\\report.yaml')
[ 2024-08-24 02:18:01,930 ] 86 root - INFO - Entered initiate_data_transformation method of DataTransformation class
[ 2024-08-24 02:18:01,930 ] 89 root - INFO - Starting data transformation
[ 2024-08-24 02:18:01,970 ] 59 root - INFO - Entered get_data_transformer_object method of DataTransformation class
[ 2024-08-24 02:18:01,971 ] 68 root - INFO - Initialise KNNImputer with {'missing_values': nan, 'n_neighbors': 3, 'weights': 'uniform'}
[ 2024-08-24 02:18:01,971 ] 74 root - INFO - Exited get_data_transformer_object method of DataTransformation class
[ 2024-08-24 02:18:01,971 ] 97 root - INFO - Got the preprocessor object
[ 2024-08-24 02:18:01,988 ] 57 root - INFO - Entered the save_object method of MainUtils class
[ 2024-08-24 02:18:01,991 ] 61 root - INFO - Exited the save_object method of MainUtils class
[ 2024-08-24 02:18:01,992 ] 129 root - INFO - Data transformation artifact: DataTransformationArtifact(transformed_object_file_path='Artifacts\\08_24_2024_02_17_57\\data_transformation\\transformed_object\\preprocessing.pkl', transformed_train_file_path='Artifacts\\08_24_2024_02_17_57\\data_transformation\\transformed\\train.npy', transformed_test_file_path='Artifacts\\08_24_2024_02_17_57\\data_transformation\\transformed\\test.npy')
