[ 2024-08-30 22:16:37,533 ] 11 root - INFO - Training has started
[ 2024-08-30 22:16:37,533 ] 42 root - INFO - Starting data ingestion
[ 2024-08-30 22:16:40,295 ] 65 root - INFO - Performed train test split on the dataframe
[ 2024-08-30 22:16:40,295 ] 66 root - INFO - Exited split_data_as_train_test method of Data_Ingestion class
[ 2024-08-30 22:16:40,295 ] 71 root - INFO - Exporting train and test file path.
[ 2024-08-30 22:16:40,418 ] 79 root - INFO - Exported train and test file path.
[ 2024-08-30 22:16:40,419 ] 45 root - INFO - Data ingestion completed and artifact: DataIngestionArtifact(trained_file_path='Artifacts\\08_30_2024_22_16_36\\data_ingestion\\ingested\\train.csv', test_file_path='Artifacts\\08_30_2024_22_16_36\\data_ingestion\\ingested\\test.csv')
[ 2024-08-30 22:16:40,496 ] 27 root - INFO - Required number of columns: 31
[ 2024-08-30 22:16:40,496 ] 28 root - INFO - Data frame has columns: 31
[ 2024-08-30 22:16:40,496 ] 27 root - INFO - Required number of columns: 31
[ 2024-08-30 22:16:40,496 ] 28 root - INFO - Data frame has columns: 31
[ 2024-08-30 22:16:40,699 ] 138 root - INFO - Data validation artifact: DataValidationArtifact(validation_status=True, valid_train_file_path='Artifacts\\08_30_2024_22_16_36\\data_ingestion\\ingested\\train.csv', valid_test_file_path='Artifacts\\08_30_2024_22_16_36\\data_ingestion\\ingested\\test.csv', invalid_train_file_path=None, invalid_test_file_path=None, drift_report_file_path='Artifacts\\08_30_2024_22_16_36\\data_validation\\drift_report\\report.yaml')
[ 2024-08-30 22:16:40,701 ] 86 root - INFO - Entered initiate_data_transformation method of DataTransformation class
[ 2024-08-30 22:16:40,702 ] 89 root - INFO - Starting data transformation
[ 2024-08-30 22:16:40,802 ] 59 root - INFO - Entered get_data_transformer_object method of DataTransformation class
[ 2024-08-30 22:16:40,803 ] 68 root - INFO - Initialise KNNImputer with {'missing_values': nan, 'n_neighbors': 3, 'weights': 'uniform'}
[ 2024-08-30 22:16:40,803 ] 74 root - INFO - Exited get_data_transformer_object method of DataTransformation class
[ 2024-08-30 22:16:40,803 ] 97 root - INFO - Got the preprocessor object
[ 2024-08-30 22:16:40,827 ] 57 root - INFO - Entered the save_object method of MainUtils class
[ 2024-08-30 22:16:40,830 ] 61 root - INFO - Exited the save_object method of MainUtils class
[ 2024-08-30 22:16:40,830 ] 129 root - INFO - Data transformation artifact: DataTransformationArtifact(transformed_object_file_path='Artifacts\\08_30_2024_22_16_36\\data_transformation\\transformed_object\\preprocessing.pkl', transformed_train_file_path='Artifacts\\08_30_2024_22_16_36\\data_transformation\\transformed\\train.npy', transformed_test_file_path='Artifacts\\08_30_2024_22_16_36\\data_transformation\\transformed\\test.npy')
[ 2024-08-30 22:16:41,072 ] 57 root - INFO - Entered the save_object method of MainUtils class
[ 2024-08-30 22:16:41,078 ] 61 root - INFO - Exited the save_object method of MainUtils class
[ 2024-08-30 22:16:41,078 ] 86 root - INFO - Model trainer artifact: ModelTrainerArtifact(trained_model_file_path='Artifacts\\08_30_2024_22_16_36\\model_trainer\\trained_model\\model.pkl', train_metric_artifact=ClassificationMetricArtifact(f1_score=np.float64(0.9884625158831004), precision_score=np.float64(0.9854073773814349), recall_score=np.float64(0.9915366574895483)), test_metric_artifact=ClassificationMetricArtifact(f1_score=np.float64(0.9811320754716981), precision_score=np.float64(0.9770569620253164), recall_score=np.float64(0.9852413242919824)))
[ 2024-08-30 22:16:41,172 ] 59 root - INFO - Model evaluation artifact: ModelEvaluationArtifact(is_model_accepted=True, improved_accuracy=None, best_model_path=None, trained_model_path='Artifacts\\08_30_2024_22_16_36\\model_trainer\\trained_model\\model.pkl', train_model_metric_artifact=ClassificationMetricArtifact(f1_score=np.float64(0.9811320754716981), precision_score=np.float64(0.9770569620253164), recall_score=np.float64(0.9852413242919824)), best_model_metric_artifact=None)
